Using pre-set license
Built from '2020.2/release' branch; Version is '2020.2.1f1 (270dd8c3da1c) revision 2559448'; Using compiler version '192528614'; Build Type 'Release'
OS: 'Windows 10  (10.0.0) 64bit' Language: 'en' Physical Memory: 16298 MB
BatchMode: 1, IsHumanControllingUs: 0, StartBugReporterOnCrash: 0, Is64bit: 1, IsPro: 0

 COMMAND LINE ARGUMENTS:
C:\Program Files\Unity\Hub\Editor\2020.2.1f1\Editor\Unity.exe
-adb2
-batchMode
-noUpm
-name
AssetImportWorker0
-projectPath
D:/Unity/Twitch-Platformer
-logFile
Logs/AssetImportWorker0.log
-srvPort
63931
Successfully changed project path to: D:/Unity/Twitch-Platformer
D:/Unity/Twitch-Platformer
Using Asset Import Pipeline V2.
Refreshing native plugins compatible for Editor in 29.91 ms, found 2 plugins.
Preloading 0 native plugins for Editor in 0.00 ms.
Initialize engine version: 2020.2.1f1 (270dd8c3da1c)
[Subsystems] Discovering subsystems at path C:/Program Files/Unity/Hub/Editor/2020.2.1f1/Editor/Data/Resources/UnitySubsystems
[Subsystems] Discovering subsystems at path D:/Unity/Twitch-Platformer/Assets
GfxDevice: creating device client; threaded=0
Direct3D:
    Version:  Direct3D 11.0 [level 11.1]
    Renderer: NVIDIA GeForce RTX 2070 SUPER (ID=0x1e84)
    Vendor:   
    VRAM:     8011 MB
    Driver:   27.21.14.6140
Initialize mono
Mono path[0] = 'C:/Program Files/Unity/Hub/Editor/2020.2.1f1/Editor/Data/Managed'
Mono path[1] = 'C:/Program Files/Unity/Hub/Editor/2020.2.1f1/Editor/Data/MonoBleedingEdge/lib/mono/unityjit'
Mono config path = 'C:/Program Files/Unity/Hub/Editor/2020.2.1f1/Editor/Data/MonoBleedingEdge/etc'
Using monoOptions --debugger-agent=transport=dt_socket,embedding=1,server=y,suspend=n,address=127.0.0.1:56868
Begin MonoManager ReloadAssembly
Registering precompiled unity dll's ...
Register platform support module: C:/Program Files/Unity/Hub/Editor/2020.2.1f1/Editor/Data/PlaybackEngines/WindowsStandaloneSupport/UnityEditor.WindowsStandalone.Extensions.dll
Registered in 0.000941 seconds.
Native extension for WindowsStandalone target not found
Refreshing native plugins compatible for Editor in 29.01 ms, found 2 plugins.
Preloading 0 native plugins for Editor in 0.00 ms.
Invoked RoslynAnalysisRunner static constructor.
RoslynAnalysisRunner will not be running.
RoslynAnalysisRunner has terminated.
Mono: successfully reloaded assembly
- Completed reload, in  0.827 seconds
Platform modules already initialized, skipping
Registering precompiled user dll's ...
Registered in 0.000674 seconds.
Begin MonoManager ReloadAssembly
Native extension for WindowsStandalone target not found
Refreshing native plugins compatible for Editor in 0.37 ms, found 2 plugins.
Preloading 0 native plugins for Editor in 0.00 ms.
Invoked RoslynAnalysisRunner static constructor.
RoslynAnalysisRunner will not be running.
RoslynAnalysisRunner has terminated.
Mono: successfully reloaded assembly
- Completed reload, in  0.954 seconds
Platform modules already initialized, skipping
========================================================================
Worker process is ready to serve import requests
Launched and connected shader compiler UnityShaderCompiler.exe after 0.03 seconds
Refreshing native plugins compatible for Editor in 0.67 ms, found 2 plugins.
Preloading 0 native plugins for Editor in 0.00 ms.
Unloading 2153 Unused Serialized files (Serialized files now loaded: 0)
System memory in use before: 91.5 MB.
System memory in use after: 91.6 MB.

Unloading 123 unused Assets to reduce memory usage. Loaded Objects now: 2576.
Total: 2.556700 ms (FindLiveObjects: 0.254400 ms CreateObjectMapping: 0.102900 ms MarkObjects: 2.034100 ms  DeleteObjects: 0.164500 ms)

========================================================================
Received Import Request.
  path: ProjectSettings/TagManager.asset
  artifactKey: Guid(00000000000000003000000000000000) Importer(815301076,1909f56bfc062723c751e8b465ee728b)
Start importing ProjectSettings/TagManager.asset using Guid(00000000000000003000000000000000) Importer(815301076,1909f56bfc062723c751e8b465ee728b)  -> (artifact id: '655d442829e71a816cf2105c6d1a98c3') in 0.027604 seconds
  Import took 0.061157 seconds .

========================================================================
Received Prepare
Registering precompiled user dll's ...
Registered in 0.000660 seconds.
Begin MonoManager ReloadAssembly
Native extension for WindowsStandalone target not found
Refreshing native plugins compatible for Editor in 0.37 ms, found 2 plugins.
Preloading 0 native plugins for Editor in 0.00 ms.
System.ArgumentException: Empty path name is not legal.
  at System.IO.StreamReader..ctor (System.String path, System.Text.Encoding encoding, System.Boolean detectEncodingFromByteOrderMarks, System.Int32 bufferSize, System.Boolean checkHost) [0x00033] in <9577ac7a62ef43179789031239ba8798>:0 
  at System.IO.StreamReader..ctor (System.String path, System.Text.Encoding encoding, System.Boolean detectEncodingFromByteOrderMarks, System.Int32 bufferSize) [0x00000] in <9577ac7a62ef43179789031239ba8798>:0 
  at System.IO.StreamReader..ctor (System.String path, System.Boolean detectEncodingFromByteOrderMarks) [0x0000d] in <9577ac7a62ef43179789031239ba8798>:0 
  at System.IO.StreamReader..ctor (System.String path) [0x00000] in <9577ac7a62ef43179789031239ba8798>:0 
  at (wrapper remoting-invoke-with-check) System.IO.StreamReader..ctor(string)
  at InControl.NativeProfileListGenerator.GetFileContents (System.String fileName) [0x00001] in D:\Unity\Twitch-Platformer\Assets\InControl\Editor\NativeProfileListGenerator.cs:75 
  at InControl.NativeProfileListGenerator.PutFileContents (System.String filePath, System.String content) [0x00001] in D:\Unity\Twitch-Platformer\Assets\InControl\Editor\NativeProfileListGenerator.cs:85 
  at InControl.NativeProfileListGenerator.DiscoverProfiles () [0x00115] in D:\Unity\Twitch-Platformer\Assets\InControl\Editor\NativeProfileListGenerator.cs:66 
  at InControl.NativeProfileListGenerator..cctor () [0x0000e] in D:\Unity\Twitch-Platformer\Assets\InControl\Editor\NativeProfileListGenerator.cs:19 
UnityEngine.StackTraceUtility:ExtractStackTrace ()
UnityEngine.DebugLogHandler:LogFormat (UnityEngine.LogType,UnityEngine.Object,string,object[])
UnityEngine.Logger:Log (UnityEngine.LogType,object)
UnityEngine.Debug:LogError (object)
UnityEditor.EditorAssemblies:ProcessInitializeOnLoadAttributes (System.Type[])

System.ArgumentException: Empty path name is not legal.
  at System.IO.StreamReader..ctor (System.String path, System.Text.Encoding encoding, System.Boolean detectEncodingFromByteOrderMarks, System.Int32 bufferSize, System.Boolean checkHost) [0x00033] in <9577ac7a62ef43179789031239ba8798>:0 
  at System.IO.StreamReader..ctor (System.String path, System.Text.Encoding encoding, System.Boolean detectEncodingFromByteOrderMarks, System.Int32 bufferSize) [0x00000] in <9577ac7a62ef43179789031239ba8798>:0 
  at System.IO.StreamReader..ctor (System.String path, System.Boolean detectEncodingFromByteOrderMarks) [0x0000d] in <9577ac7a62ef43179789031239ba8798>:0 
  at System.IO.StreamReader..ctor (System.String path) [0x00000] in <9577ac7a62ef43179789031239ba8798>:0 
  at (wrapper remoting-invoke-with-check) System.IO.StreamReader..ctor(string)
  at InControl.UnityProfileListGenerator.GetFileContents (System.String fileName) [0x00001] in D:\Unity\Twitch-Platformer\Assets\InControl\Editor\UnityProfileListGenerator.cs:75 
  at InControl.UnityProfileListGenerator.PutFileContents (System.String filePath, System.String content) [0x00001] in D:\Unity\Twitch-Platformer\Assets\InControl\Editor\UnityProfileListGenerator.cs:84 
  at InControl.UnityProfileListGenerator.DiscoverProfiles () [0x00115] in D:\Unity\Twitch-Platformer\Assets\InControl\Editor\UnityProfileListGenerator.cs:66 
  at InControl.UnityProfileListGenerator..cctor () [0x0000e] in D:\Unity\Twitch-Platformer\Assets\InControl\Editor\UnityProfileListGenerator.cs:19 
UnityEngine.StackTraceUtility:ExtractStackTrace ()
UnityEngine.DebugLogHandler:LogFormat (UnityEngine.LogType,UnityEngine.Object,string,object[])
UnityEngine.Logger:Log (UnityEngine.LogType,object)
UnityEngine.Debug:LogError (object)
UnityEditor.EditorAssemblies:ProcessInitializeOnLoadAttributes (System.Type[])

Warning: Annotation not found!
UnityEngine.StackTraceUtility:ExtractStackTrace ()
UnityEditor.ProBuilder.EditorUtility:SetGizmoIconEnabled (System.Type,bool) (at Library/PackageCache/com.unity.probuilder@4.4.0/Editor/EditorCore/EditorUtility.cs:593)
UnityEditor.ProBuilder.HierarchyListener:.cctor () (at Library/PackageCache/com.unity.probuilder@4.4.0/Editor/EditorCore/HierarchyListener.cs:21)
System.Runtime.CompilerServices.RuntimeHelpers:RunClassConstructor (System.RuntimeTypeHandle)
UnityEditor.EditorAssemblies:ProcessInitializeOnLoadAttributes (System.Type[])

[Library/PackageCache/com.unity.probuilder@4.4.0/Editor/EditorCore/EditorUtility.cs line 593]

Invoked RoslynAnalysisRunner static constructor.
RoslynAnalysisRunner will not be running.
RoslynAnalysisRunner has terminated.
Mono: successfully reloaded assembly
- Completed reload, in  0.840 seconds
Platform modules already initialized, skipping
Refreshing native plugins compatible for Editor in 0.38 ms, found 2 plugins.
Preloading 0 native plugins for Editor in 0.00 ms.
Unloading 2118 Unused Serialized files (Serialized files now loaded: 0)
System memory in use before: 89.4 MB.
System memory in use after: 89.5 MB.

Unloading 19 unused Assets to reduce memory usage. Loaded Objects now: 2579.
Total: 2.042800 ms (FindLiveObjects: 0.177500 ms CreateObjectMapping: 0.070400 ms MarkObjects: 1.731900 ms  DeleteObjects: 0.062100 ms)

========================================================================
Received Prepare
Registering precompiled user dll's ...
Registered in 0.000711 seconds.
Begin MonoManager ReloadAssembly
Native extension for WindowsStandalone target not found
Refreshing native plugins compatible for Editor in 0.37 ms, found 2 plugins.
Preloading 0 native plugins for Editor in 0.00 ms.
System.ArgumentException: Empty path name is not legal.
  at System.IO.StreamReader..ctor (System.String path, System.Text.Encoding encoding, System.Boolean detectEncodingFromByteOrderMarks, System.Int32 bufferSize, System.Boolean checkHost) [0x00033] in <9577ac7a62ef43179789031239ba8798>:0 
  at System.IO.StreamReader..ctor (System.String path, System.Text.Encoding encoding, System.Boolean detectEncodingFromByteOrderMarks, System.Int32 bufferSize) [0x00000] in <9577ac7a62ef43179789031239ba8798>:0 
  at System.IO.StreamReader..ctor (System.String path, System.Boolean detectEncodingFromByteOrderMarks) [0x0000d] in <9577ac7a62ef43179789031239ba8798>:0 
  at System.IO.StreamReader..ctor (System.String path) [0x00000] in <9577ac7a62ef43179789031239ba8798>:0 
  at (wrapper remoting-invoke-with-check) System.IO.StreamReader..ctor(string)
  at InControl.NativeProfileListGenerator.GetFileContents (System.String fileName) [0x00001] in D:\Unity\Twitch-Platformer\Assets\InControl\Editor\NativeProfileListGenerator.cs:75 
  at InControl.NativeProfileListGenerator.PutFileContents (System.String filePath, System.String content) [0x00001] in D:\Unity\Twitch-Platformer\Assets\InControl\Editor\NativeProfileListGenerator.cs:85 
  at InControl.NativeProfileListGenerator.DiscoverProfiles () [0x00115] in D:\Unity\Twitch-Platformer\Assets\InControl\Editor\NativeProfileListGenerator.cs:66 
  at InControl.NativeProfileListGenerator..cctor () [0x0000e] in D:\Unity\Twitch-Platformer\Assets\InControl\Editor\NativeProfileListGenerator.cs:19 
UnityEngine.StackTraceUtility:ExtractStackTrace ()
UnityEngine.DebugLogHandler:LogFormat (UnityEngine.LogType,UnityEngine.Object,string,object[])
UnityEngine.Logger:Log (UnityEngine.LogType,object)
UnityEngine.Debug:LogError (object)
UnityEditor.EditorAssemblies:ProcessInitializeOnLoadAttributes (System.Type[])

System.ArgumentException: Empty path name is not legal.
  at System.IO.StreamReader..ctor (System.String path, System.Text.Encoding encoding, System.Boolean detectEncodingFromByteOrderMarks, System.Int32 bufferSize, System.Boolean checkHost) [0x00033] in <9577ac7a62ef43179789031239ba8798>:0 
  at System.IO.StreamReader..ctor (System.String path, System.Text.Encoding encoding, System.Boolean detectEncodingFromByteOrderMarks, System.Int32 bufferSize) [0x00000] in <9577ac7a62ef43179789031239ba8798>:0 
  at System.IO.StreamReader..ctor (System.String path, System.Boolean detectEncodingFromByteOrderMarks) [0x0000d] in <9577ac7a62ef43179789031239ba8798>:0 
  at System.IO.StreamReader..ctor (System.String path) [0x00000] in <9577ac7a62ef43179789031239ba8798>:0 
  at (wrapper remoting-invoke-with-check) System.IO.StreamReader..ctor(string)
  at InControl.UnityProfileListGenerator.GetFileContents (System.String fileName) [0x00001] in D:\Unity\Twitch-Platformer\Assets\InControl\Editor\UnityProfileListGenerator.cs:75 
  at InControl.UnityProfileListGenerator.PutFileContents (System.String filePath, System.String content) [0x00001] in D:\Unity\Twitch-Platformer\Assets\InControl\Editor\UnityProfileListGenerator.cs:84 
  at InControl.UnityProfileListGenerator.DiscoverProfiles () [0x00115] in D:\Unity\Twitch-Platformer\Assets\InControl\Editor\UnityProfileListGenerator.cs:66 
  at InControl.UnityProfileListGenerator..cctor () [0x0000e] in D:\Unity\Twitch-Platformer\Assets\InControl\Editor\UnityProfileListGenerator.cs:19 
UnityEngine.StackTraceUtility:ExtractStackTrace ()
UnityEngine.DebugLogHandler:LogFormat (UnityEngine.LogType,UnityEngine.Object,string,object[])
UnityEngine.Logger:Log (UnityEngine.LogType,object)
UnityEngine.Debug:LogError (object)
UnityEditor.EditorAssemblies:ProcessInitializeOnLoadAttributes (System.Type[])

Warning: Annotation not found!
UnityEngine.StackTraceUtility:ExtractStackTrace ()
UnityEditor.ProBuilder.EditorUtility:SetGizmoIconEnabled (System.Type,bool) (at Library/PackageCache/com.unity.probuilder@4.4.0/Editor/EditorCore/EditorUtility.cs:593)
UnityEditor.ProBuilder.HierarchyListener:.cctor () (at Library/PackageCache/com.unity.probuilder@4.4.0/Editor/EditorCore/HierarchyListener.cs:21)
System.Runtime.CompilerServices.RuntimeHelpers:RunClassConstructor (System.RuntimeTypeHandle)
UnityEditor.EditorAssemblies:ProcessInitializeOnLoadAttributes (System.Type[])

[Library/PackageCache/com.unity.probuilder@4.4.0/Editor/EditorCore/EditorUtility.cs line 593]

Invoked RoslynAnalysisRunner static constructor.
RoslynAnalysisRunner will not be running.
RoslynAnalysisRunner has terminated.
Mono: successfully reloaded assembly
- Completed reload, in  0.836 seconds
Platform modules already initialized, skipping
Refreshing native plugins compatible for Editor in 0.55 ms, found 2 plugins.
Preloading 0 native plugins for Editor in 0.00 ms.
Unloading 2117 Unused Serialized files (Serialized files now loaded: 0)
System memory in use before: 89.7 MB.
System memory in use after: 89.7 MB.

Unloading 18 unused Assets to reduce memory usage. Loaded Objects now: 2581.
Total: 2.153100 ms (FindLiveObjects: 0.195200 ms CreateObjectMapping: 0.077600 ms MarkObjects: 1.809700 ms  DeleteObjects: 0.069100 ms)

========================================================================
Received Prepare
Registering precompiled user dll's ...
Registered in 0.000977 seconds.
Begin MonoManager ReloadAssembly
Native extension for WindowsStandalone target not found
Refreshing native plugins compatible for Editor in 0.37 ms, found 2 plugins.
Preloading 0 native plugins for Editor in 0.00 ms.
System.ArgumentException: Empty path name is not legal.
  at System.IO.StreamReader..ctor (System.String path, System.Text.Encoding encoding, System.Boolean detectEncodingFromByteOrderMarks, System.Int32 bufferSize, System.Boolean checkHost) [0x00033] in <9577ac7a62ef43179789031239ba8798>:0 
  at System.IO.StreamReader..ctor (System.String path, System.Text.Encoding encoding, System.Boolean detectEncodingFromByteOrderMarks, System.Int32 bufferSize) [0x00000] in <9577ac7a62ef43179789031239ba8798>:0 
  at System.IO.StreamReader..ctor (System.String path, System.Boolean detectEncodingFromByteOrderMarks) [0x0000d] in <9577ac7a62ef43179789031239ba8798>:0 
  at System.IO.StreamReader..ctor (System.String path) [0x00000] in <9577ac7a62ef43179789031239ba8798>:0 
  at (wrapper remoting-invoke-with-check) System.IO.StreamReader..ctor(string)
  at InControl.NativeProfileListGenerator.GetFileContents (System.String fileName) [0x00001] in D:\Unity\Twitch-Platformer\Assets\InControl\Editor\NativeProfileListGenerator.cs:75 
  at InControl.NativeProfileListGenerator.PutFileContents (System.String filePath, System.String content) [0x00001] in D:\Unity\Twitch-Platformer\Assets\InControl\Editor\NativeProfileListGenerator.cs:85 
  at InControl.NativeProfileListGenerator.DiscoverProfiles () [0x00115] in D:\Unity\Twitch-Platformer\Assets\InControl\Editor\NativeProfileListGenerator.cs:66 
  at InControl.NativeProfileListGenerator..cctor () [0x0000e] in D:\Unity\Twitch-Platformer\Assets\InControl\Editor\NativeProfileListGenerator.cs:19 
UnityEngine.StackTraceUtility:ExtractStackTrace ()
UnityEngine.DebugLogHandler:LogFormat (UnityEngine.LogType,UnityEngine.Object,string,object[])
UnityEngine.Logger:Log (UnityEngine.LogType,object)
UnityEngine.Debug:LogError (object)
UnityEditor.EditorAssemblies:ProcessInitializeOnLoadAttributes (System.Type[])

System.ArgumentException: Empty path name is not legal.
  at System.IO.StreamReader..ctor (System.String path, System.Text.Encoding encoding, System.Boolean detectEncodingFromByteOrderMarks, System.Int32 bufferSize, System.Boolean checkHost) [0x00033] in <9577ac7a62ef43179789031239ba8798>:0 
  at System.IO.StreamReader..ctor (System.String path, System.Text.Encoding encoding, System.Boolean detectEncodingFromByteOrderMarks, System.Int32 bufferSize) [0x00000] in <9577ac7a62ef43179789031239ba8798>:0 
  at System.IO.StreamReader..ctor (System.String path, System.Boolean detectEncodingFromByteOrderMarks) [0x0000d] in <9577ac7a62ef43179789031239ba8798>:0 
  at System.IO.StreamReader..ctor (System.String path) [0x00000] in <9577ac7a62ef43179789031239ba8798>:0 
  at (wrapper remoting-invoke-with-check) System.IO.StreamReader..ctor(string)
  at InControl.UnityProfileListGenerator.GetFileContents (System.String fileName) [0x00001] in D:\Unity\Twitch-Platformer\Assets\InControl\Editor\UnityProfileListGenerator.cs:75 
  at InControl.UnityProfileListGenerator.PutFileContents (System.String filePath, System.String content) [0x00001] in D:\Unity\Twitch-Platformer\Assets\InControl\Editor\UnityProfileListGenerator.cs:84 
  at InControl.UnityProfileListGenerator.DiscoverProfiles () [0x00115] in D:\Unity\Twitch-Platformer\Assets\InControl\Editor\UnityProfileListGenerator.cs:66 
  at InControl.UnityProfileListGenerator..cctor () [0x0000e] in D:\Unity\Twitch-Platformer\Assets\InControl\Editor\UnityProfileListGenerator.cs:19 
UnityEngine.StackTraceUtility:ExtractStackTrace ()
UnityEngine.DebugLogHandler:LogFormat (UnityEngine.LogType,UnityEngine.Object,string,object[])
UnityEngine.Logger:Log (UnityEngine.LogType,object)
UnityEngine.Debug:LogError (object)
UnityEditor.EditorAssemblies:ProcessInitializeOnLoadAttributes (System.Type[])

Warning: Annotation not found!
UnityEngine.StackTraceUtility:ExtractStackTrace ()
UnityEditor.ProBuilder.EditorUtility:SetGizmoIconEnabled (System.Type,bool) (at Library/PackageCache/com.unity.probuilder@4.4.0/Editor/EditorCore/EditorUtility.cs:593)
UnityEditor.ProBuilder.HierarchyListener:.cctor () (at Library/PackageCache/com.unity.probuilder@4.4.0/Editor/EditorCore/HierarchyListener.cs:21)
System.Runtime.CompilerServices.RuntimeHelpers:RunClassConstructor (System.RuntimeTypeHandle)
UnityEditor.EditorAssemblies:ProcessInitializeOnLoadAttributes (System.Type[])

[Library/PackageCache/com.unity.probuilder@4.4.0/Editor/EditorCore/EditorUtility.cs line 593]

Invoked RoslynAnalysisRunner static constructor.
RoslynAnalysisRunner will not be running.
RoslynAnalysisRunner has terminated.
Mono: successfully reloaded assembly
- Completed reload, in  0.894 seconds
Platform modules already initialized, skipping
Refreshing native plugins compatible for Editor in 0.38 ms, found 2 plugins.
Preloading 0 native plugins for Editor in 0.00 ms.
Unloading 2117 Unused Serialized files (Serialized files now loaded: 0)
System memory in use before: 89.8 MB.
System memory in use after: 89.9 MB.

Unloading 18 unused Assets to reduce memory usage. Loaded Objects now: 2583.
Total: 2.136700 ms (FindLiveObjects: 0.187000 ms CreateObjectMapping: 0.078900 ms MarkObjects: 1.790600 ms  DeleteObjects: 0.079200 ms)

========================================================================
Received Prepare
Registering precompiled user dll's ...
Registered in 0.001027 seconds.
Begin MonoManager ReloadAssembly
Native extension for WindowsStandalone target not found
Refreshing native plugins compatible for Editor in 0.36 ms, found 2 plugins.
Preloading 0 native plugins for Editor in 0.00 ms.
System.ArgumentException: Empty path name is not legal.
  at System.IO.StreamReader..ctor (System.String path, System.Text.Encoding encoding, System.Boolean detectEncodingFromByteOrderMarks, System.Int32 bufferSize, System.Boolean checkHost) [0x00033] in <9577ac7a62ef43179789031239ba8798>:0 
  at System.IO.StreamReader..ctor (System.String path, System.Text.Encoding encoding, System.Boolean detectEncodingFromByteOrderMarks, System.Int32 bufferSize) [0x00000] in <9577ac7a62ef43179789031239ba8798>:0 
  at System.IO.StreamReader..ctor (System.String path, System.Boolean detectEncodingFromByteOrderMarks) [0x0000d] in <9577ac7a62ef43179789031239ba8798>:0 
  at System.IO.StreamReader..ctor (System.String path) [0x00000] in <9577ac7a62ef43179789031239ba8798>:0 
  at (wrapper remoting-invoke-with-check) System.IO.StreamReader..ctor(string)
  at InControl.NativeProfileListGenerator.GetFileContents (System.String fileName) [0x00001] in D:\Unity\Twitch-Platformer\Assets\InControl\Editor\NativeProfileListGenerator.cs:75 
  at InControl.NativeProfileListGenerator.PutFileContents (System.String filePath, System.String content) [0x00001] in D:\Unity\Twitch-Platformer\Assets\InControl\Editor\NativeProfileListGenerator.cs:85 
  at InControl.NativeProfileListGenerator.DiscoverProfiles () [0x00115] in D:\Unity\Twitch-Platformer\Assets\InControl\Editor\NativeProfileListGenerator.cs:66 
  at InControl.NativeProfileListGenerator..cctor () [0x0000e] in D:\Unity\Twitch-Platformer\Assets\InControl\Editor\NativeProfileListGenerator.cs:19 
UnityEngine.StackTraceUtility:ExtractStackTrace ()
UnityEngine.DebugLogHandler:LogFormat (UnityEngine.LogType,UnityEngine.Object,string,object[])
UnityEngine.Logger:Log (UnityEngine.LogType,object)
UnityEngine.Debug:LogError (object)
UnityEditor.EditorAssemblies:ProcessInitializeOnLoadAttributes (System.Type[])

System.ArgumentException: Empty path name is not legal.
  at System.IO.StreamReader..ctor (System.String path, System.Text.Encoding encoding, System.Boolean detectEncodingFromByteOrderMarks, System.Int32 bufferSize, System.Boolean checkHost) [0x00033] in <9577ac7a62ef43179789031239ba8798>:0 
  at System.IO.StreamReader..ctor (System.String path, System.Text.Encoding encoding, System.Boolean detectEncodingFromByteOrderMarks, System.Int32 bufferSize) [0x00000] in <9577ac7a62ef43179789031239ba8798>:0 
  at System.IO.StreamReader..ctor (System.String path, System.Boolean detectEncodingFromByteOrderMarks) [0x0000d] in <9577ac7a62ef43179789031239ba8798>:0 
  at System.IO.StreamReader..ctor (System.String path) [0x00000] in <9577ac7a62ef43179789031239ba8798>:0 
  at (wrapper remoting-invoke-with-check) System.IO.StreamReader..ctor(string)
  at InControl.UnityProfileListGenerator.GetFileContents (System.String fileName) [0x00001] in D:\Unity\Twitch-Platformer\Assets\InControl\Editor\UnityProfileListGenerator.cs:75 
  at InControl.UnityProfileListGenerator.PutFileContents (System.String filePath, System.String content) [0x00001] in D:\Unity\Twitch-Platformer\Assets\InControl\Editor\UnityProfileListGenerator.cs:84 
  at InControl.UnityProfileListGenerator.DiscoverProfiles () [0x00115] in D:\Unity\Twitch-Platformer\Assets\InControl\Editor\UnityProfileListGenerator.cs:66 
  at InControl.UnityProfileListGenerator..cctor () [0x0000e] in D:\Unity\Twitch-Platformer\Assets\InControl\Editor\UnityProfileListGenerator.cs:19 
UnityEngine.StackTraceUtility:ExtractStackTrace ()
UnityEngine.DebugLogHandler:LogFormat (UnityEngine.LogType,UnityEngine.Object,string,object[])
UnityEngine.Logger:Log (UnityEngine.LogType,object)
UnityEngine.Debug:LogError (object)
UnityEditor.EditorAssemblies:ProcessInitializeOnLoadAttributes (System.Type[])

Warning: Annotation not found!
UnityEngine.StackTraceUtility:ExtractStackTrace ()
UnityEditor.ProBuilder.EditorUtility:SetGizmoIconEnabled (System.Type,bool) (at Library/PackageCache/com.unity.probuilder@4.4.0/Editor/EditorCore/EditorUtility.cs:593)
UnityEditor.ProBuilder.HierarchyListener:.cctor () (at Library/PackageCache/com.unity.probuilder@4.4.0/Editor/EditorCore/HierarchyListener.cs:21)
System.Runtime.CompilerServices.RuntimeHelpers:RunClassConstructor (System.RuntimeTypeHandle)
UnityEditor.EditorAssemblies:ProcessInitializeOnLoadAttributes (System.Type[])

[Library/PackageCache/com.unity.probuilder@4.4.0/Editor/EditorCore/EditorUtility.cs line 593]

Invoked RoslynAnalysisRunner static constructor.
RoslynAnalysisRunner will not be running.
RoslynAnalysisRunner has terminated.
Mono: successfully reloaded assembly
- Completed reload, in  0.823 seconds
Platform modules already initialized, skipping
Refreshing native plugins compatible for Editor in 0.39 ms, found 2 plugins.
Preloading 0 native plugins for Editor in 0.00 ms.
Unloading 2117 Unused Serialized files (Serialized files now loaded: 0)
System memory in use before: 90.3 MB.
System memory in use after: 90.3 MB.

Unloading 18 unused Assets to reduce memory usage. Loaded Objects now: 2585.
Total: 2.211000 ms (FindLiveObjects: 0.205300 ms CreateObjectMapping: 0.082700 ms MarkObjects: 1.863300 ms  DeleteObjects: 0.058300 ms)

========================================================================
Received Prepare
Registering precompiled user dll's ...
Registered in 0.000748 seconds.
Begin MonoManager ReloadAssembly
Native extension for WindowsStandalone target not found
Refreshing native plugins compatible for Editor in 0.37 ms, found 2 plugins.
Preloading 0 native plugins for Editor in 0.00 ms.
System.ArgumentException: Empty path name is not legal.
  at System.IO.StreamReader..ctor (System.String path, System.Text.Encoding encoding, System.Boolean detectEncodingFromByteOrderMarks, System.Int32 bufferSize, System.Boolean checkHost) [0x00033] in <9577ac7a62ef43179789031239ba8798>:0 
  at System.IO.StreamReader..ctor (System.String path, System.Text.Encoding encoding, System.Boolean detectEncodingFromByteOrderMarks, System.Int32 bufferSize) [0x00000] in <9577ac7a62ef43179789031239ba8798>:0 
  at System.IO.StreamReader..ctor (System.String path, System.Boolean detectEncodingFromByteOrderMarks) [0x0000d] in <9577ac7a62ef43179789031239ba8798>:0 
  at System.IO.StreamReader..ctor (System.String path) [0x00000] in <9577ac7a62ef43179789031239ba8798>:0 
  at (wrapper remoting-invoke-with-check) System.IO.StreamReader..ctor(string)
  at InControl.NativeProfileListGenerator.GetFileContents (System.String fileName) [0x00001] in D:\Unity\Twitch-Platformer\Assets\InControl\Editor\NativeProfileListGenerator.cs:75 
  at InControl.NativeProfileListGenerator.PutFileContents (System.String filePath, System.String content) [0x00001] in D:\Unity\Twitch-Platformer\Assets\InControl\Editor\NativeProfileListGenerator.cs:85 
  at InControl.NativeProfileListGenerator.DiscoverProfiles () [0x00115] in D:\Unity\Twitch-Platformer\Assets\InControl\Editor\NativeProfileListGenerator.cs:66 
  at InControl.NativeProfileListGenerator..cctor () [0x0000e] in D:\Unity\Twitch-Platformer\Assets\InControl\Editor\NativeProfileListGenerator.cs:19 
UnityEngine.StackTraceUtility:ExtractStackTrace ()
UnityEngine.DebugLogHandler:LogFormat (UnityEngine.LogType,UnityEngine.Object,string,object[])
UnityEngine.Logger:Log (UnityEngine.LogType,object)
UnityEngine.Debug:LogError (object)
UnityEditor.EditorAssemblies:ProcessInitializeOnLoadAttributes (System.Type[])

System.ArgumentException: Empty path name is not legal.
  at System.IO.StreamReader..ctor (System.String path, System.Text.Encoding encoding, System.Boolean detectEncodingFromByteOrderMarks, System.Int32 bufferSize, System.Boolean checkHost) [0x00033] in <9577ac7a62ef43179789031239ba8798>:0 
  at System.IO.StreamReader..ctor (System.String path, System.Text.Encoding encoding, System.Boolean detectEncodingFromByteOrderMarks, System.Int32 bufferSize) [0x00000] in <9577ac7a62ef43179789031239ba8798>:0 
  at System.IO.StreamReader..ctor (System.String path, System.Boolean detectEncodingFromByteOrderMarks) [0x0000d] in <9577ac7a62ef43179789031239ba8798>:0 
  at System.IO.StreamReader..ctor (System.String path) [0x00000] in <9577ac7a62ef43179789031239ba8798>:0 
  at (wrapper remoting-invoke-with-check) System.IO.StreamReader..ctor(string)
  at InControl.UnityProfileListGenerator.GetFileContents (System.String fileName) [0x00001] in D:\Unity\Twitch-Platformer\Assets\InControl\Editor\UnityProfileListGenerator.cs:75 
  at InControl.UnityProfileListGenerator.PutFileContents (System.String filePath, System.String content) [0x00001] in D:\Unity\Twitch-Platformer\Assets\InControl\Editor\UnityProfileListGenerator.cs:84 
  at InControl.UnityProfileListGenerator.DiscoverProfiles () [0x00115] in D:\Unity\Twitch-Platformer\Assets\InControl\Editor\UnityProfileListGenerator.cs:66 
  at InControl.UnityProfileListGenerator..cctor () [0x0000e] in D:\Unity\Twitch-Platformer\Assets\InControl\Editor\UnityProfileListGenerator.cs:19 
UnityEngine.StackTraceUtility:ExtractStackTrace ()
UnityEngine.DebugLogHandler:LogFormat (UnityEngine.LogType,UnityEngine.Object,string,object[])
UnityEngine.Logger:Log (UnityEngine.LogType,object)
UnityEngine.Debug:LogError (object)
UnityEditor.EditorAssemblies:ProcessInitializeOnLoadAttributes (System.Type[])

Warning: Annotation not found!
UnityEngine.StackTraceUtility:ExtractStackTrace ()
UnityEditor.ProBuilder.EditorUtility:SetGizmoIconEnabled (System.Type,bool) (at Library/PackageCache/com.unity.probuilder@4.4.0/Editor/EditorCore/EditorUtility.cs:593)
UnityEditor.ProBuilder.HierarchyListener:.cctor () (at Library/PackageCache/com.unity.probuilder@4.4.0/Editor/EditorCore/HierarchyListener.cs:21)
System.Runtime.CompilerServices.RuntimeHelpers:RunClassConstructor (System.RuntimeTypeHandle)
UnityEditor.EditorAssemblies:ProcessInitializeOnLoadAttributes (System.Type[])

[Library/PackageCache/com.unity.probuilder@4.4.0/Editor/EditorCore/EditorUtility.cs line 593]

Invoked RoslynAnalysisRunner static constructor.
RoslynAnalysisRunner will not be running.
RoslynAnalysisRunner has terminated.
Mono: successfully reloaded assembly
- Completed reload, in  0.828 seconds
Platform modules already initialized, skipping
Refreshing native plugins compatible for Editor in 0.45 ms, found 2 plugins.
Preloading 0 native plugins for Editor in 0.00 ms.
Unloading 2117 Unused Serialized files (Serialized files now loaded: 0)
System memory in use before: 90.5 MB.
System memory in use after: 90.5 MB.

Unloading 18 unused Assets to reduce memory usage. Loaded Objects now: 2587.
Total: 2.016600 ms (FindLiveObjects: 0.174000 ms CreateObjectMapping: 0.064300 ms MarkObjects: 1.708400 ms  DeleteObjects: 0.068700 ms)

========================================================================
Received Prepare
Registering precompiled user dll's ...
Registered in 0.000697 seconds.
Begin MonoManager ReloadAssembly
Native extension for WindowsStandalone target not found
Refreshing native plugins compatible for Editor in 0.38 ms, found 2 plugins.
Preloading 0 native plugins for Editor in 0.00 ms.
System.ArgumentException: Empty path name is not legal.
  at System.IO.StreamReader..ctor (System.String path, System.Text.Encoding encoding, System.Boolean detectEncodingFromByteOrderMarks, System.Int32 bufferSize, System.Boolean checkHost) [0x00033] in <9577ac7a62ef43179789031239ba8798>:0 
  at System.IO.StreamReader..ctor (System.String path, System.Text.Encoding encoding, System.Boolean detectEncodingFromByteOrderMarks, System.Int32 bufferSize) [0x00000] in <9577ac7a62ef43179789031239ba8798>:0 
  at System.IO.StreamReader..ctor (System.String path, System.Boolean detectEncodingFromByteOrderMarks) [0x0000d] in <9577ac7a62ef43179789031239ba8798>:0 
  at System.IO.StreamReader..ctor (System.String path) [0x00000] in <9577ac7a62ef43179789031239ba8798>:0 
  at (wrapper remoting-invoke-with-check) System.IO.StreamReader..ctor(string)
  at InControl.NativeProfileListGenerator.GetFileContents (System.String fileName) [0x00001] in D:\Unity\Twitch-Platformer\Assets\InControl\Editor\NativeProfileListGenerator.cs:75 
  at InControl.NativeProfileListGenerator.PutFileContents (System.String filePath, System.String content) [0x00001] in D:\Unity\Twitch-Platformer\Assets\InControl\Editor\NativeProfileListGenerator.cs:85 
  at InControl.NativeProfileListGenerator.DiscoverProfiles () [0x00115] in D:\Unity\Twitch-Platformer\Assets\InControl\Editor\NativeProfileListGenerator.cs:66 
  at InControl.NativeProfileListGenerator..cctor () [0x0000e] in D:\Unity\Twitch-Platformer\Assets\InControl\Editor\NativeProfileListGenerator.cs:19 
UnityEngine.StackTraceUtility:ExtractStackTrace ()
UnityEngine.DebugLogHandler:LogFormat (UnityEngine.LogType,UnityEngine.Object,string,object[])
UnityEngine.Logger:Log (UnityEngine.LogType,object)
UnityEngine.Debug:LogError (object)
UnityEditor.EditorAssemblies:ProcessInitializeOnLoadAttributes (System.Type[])

System.ArgumentException: Empty path name is not legal.
  at System.IO.StreamReader..ctor (System.String path, System.Text.Encoding encoding, System.Boolean detectEncodingFromByteOrderMarks, System.Int32 bufferSize, System.Boolean checkHost) [0x00033] in <9577ac7a62ef43179789031239ba8798>:0 
  at System.IO.StreamReader..ctor (System.String path, System.Text.Encoding encoding, System.Boolean detectEncodingFromByteOrderMarks, System.Int32 bufferSize) [0x00000] in <9577ac7a62ef43179789031239ba8798>:0 
  at System.IO.StreamReader..ctor (System.String path, System.Boolean detectEncodingFromByteOrderMarks) [0x0000d] in <9577ac7a62ef43179789031239ba8798>:0 
  at System.IO.StreamReader..ctor (System.String path) [0x00000] in <9577ac7a62ef43179789031239ba8798>:0 
  at (wrapper remoting-invoke-with-check) System.IO.StreamReader..ctor(string)
  at InControl.UnityProfileListGenerator.GetFileContents (System.String fileName) [0x00001] in D:\Unity\Twitch-Platformer\Assets\InControl\Editor\UnityProfileListGenerator.cs:75 
  at InControl.UnityProfileListGenerator.PutFileContents (System.String filePath, System.String content) [0x00001] in D:\Unity\Twitch-Platformer\Assets\InControl\Editor\UnityProfileListGenerator.cs:84 
  at InControl.UnityProfileListGenerator.DiscoverProfiles () [0x00115] in D:\Unity\Twitch-Platformer\Assets\InControl\Editor\UnityProfileListGenerator.cs:66 
  at InControl.UnityProfileListGenerator..cctor () [0x0000e] in D:\Unity\Twitch-Platformer\Assets\InControl\Editor\UnityProfileListGenerator.cs:19 
UnityEngine.StackTraceUtility:ExtractStackTrace ()
UnityEngine.DebugLogHandler:LogFormat (UnityEngine.LogType,UnityEngine.Object,string,object[])
UnityEngine.Logger:Log (UnityEngine.LogType,object)
UnityEngine.Debug:LogError (object)
UnityEditor.EditorAssemblies:ProcessInitializeOnLoadAttributes (System.Type[])

Warning: Annotation not found!
UnityEngine.StackTraceUtility:ExtractStackTrace ()
UnityEditor.ProBuilder.EditorUtility:SetGizmoIconEnabled (System.Type,bool) (at Library/PackageCache/com.unity.probuilder@4.4.0/Editor/EditorCore/EditorUtility.cs:593)
UnityEditor.ProBuilder.HierarchyListener:.cctor () (at Library/PackageCache/com.unity.probuilder@4.4.0/Editor/EditorCore/HierarchyListener.cs:21)
System.Runtime.CompilerServices.RuntimeHelpers:RunClassConstructor (System.RuntimeTypeHandle)
UnityEditor.EditorAssemblies:ProcessInitializeOnLoadAttributes (System.Type[])

[Library/PackageCache/com.unity.probuilder@4.4.0/Editor/EditorCore/EditorUtility.cs line 593]

Invoked RoslynAnalysisRunner static constructor.
RoslynAnalysisRunner will not be running.
RoslynAnalysisRunner has terminated.
Mono: successfully reloaded assembly
- Completed reload, in  0.838 seconds
Platform modules already initialized, skipping
Refreshing native plugins compatible for Editor in 0.37 ms, found 2 plugins.
Preloading 0 native plugins for Editor in 0.00 ms.
Unloading 2117 Unused Serialized files (Serialized files now loaded: 0)
System memory in use before: 90.8 MB.
System memory in use after: 90.9 MB.

Unloading 18 unused Assets to reduce memory usage. Loaded Objects now: 2589.
Total: 3.478000 ms (FindLiveObjects: 0.325400 ms CreateObjectMapping: 0.130500 ms MarkObjects: 2.953700 ms  DeleteObjects: 0.066800 ms)

========================================================================
Received Prepare
Registering precompiled user dll's ...
Registered in 0.000672 seconds.
Begin MonoManager ReloadAssembly
Native extension for WindowsStandalone target not found
Refreshing native plugins compatible for Editor in 0.38 ms, found 2 plugins.
Preloading 0 native plugins for Editor in 0.00 ms.
System.ArgumentException: Empty path name is not legal.
  at System.IO.StreamReader..ctor (System.String path, System.Text.Encoding encoding, System.Boolean detectEncodingFromByteOrderMarks, System.Int32 bufferSize, System.Boolean checkHost) [0x00033] in <9577ac7a62ef43179789031239ba8798>:0 
  at System.IO.StreamReader..ctor (System.String path, System.Text.Encoding encoding, System.Boolean detectEncodingFromByteOrderMarks, System.Int32 bufferSize) [0x00000] in <9577ac7a62ef43179789031239ba8798>:0 
  at System.IO.StreamReader..ctor (System.String path, System.Boolean detectEncodingFromByteOrderMarks) [0x0000d] in <9577ac7a62ef43179789031239ba8798>:0 
  at System.IO.StreamReader..ctor (System.String path) [0x00000] in <9577ac7a62ef43179789031239ba8798>:0 
  at (wrapper remoting-invoke-with-check) System.IO.StreamReader..ctor(string)
  at InControl.NativeProfileListGenerator.GetFileContents (System.String fileName) [0x00001] in D:\Unity\Twitch-Platformer\Assets\InControl\Editor\NativeProfileListGenerator.cs:75 
  at InControl.NativeProfileListGenerator.PutFileContents (System.String filePath, System.String content) [0x00001] in D:\Unity\Twitch-Platformer\Assets\InControl\Editor\NativeProfileListGenerator.cs:85 
  at InControl.NativeProfileListGenerator.DiscoverProfiles () [0x00115] in D:\Unity\Twitch-Platformer\Assets\InControl\Editor\NativeProfileListGenerator.cs:66 
  at InControl.NativeProfileListGenerator..cctor () [0x0000e] in D:\Unity\Twitch-Platformer\Assets\InControl\Editor\NativeProfileListGenerator.cs:19 
UnityEngine.StackTraceUtility:ExtractStackTrace ()
UnityEngine.DebugLogHandler:LogFormat (UnityEngine.LogType,UnityEngine.Object,string,object[])
UnityEngine.Logger:Log (UnityEngine.LogType,object)
UnityEngine.Debug:LogError (object)
UnityEditor.EditorAssemblies:ProcessInitializeOnLoadAttributes (System.Type[])

System.ArgumentException: Empty path name is not legal.
  at System.IO.StreamReader..ctor (System.String path, System.Text.Encoding encoding, System.Boolean detectEncodingFromByteOrderMarks, System.Int32 bufferSize, System.Boolean checkHost) [0x00033] in <9577ac7a62ef43179789031239ba8798>:0 
  at System.IO.StreamReader..ctor (System.String path, System.Text.Encoding encoding, System.Boolean detectEncodingFromByteOrderMarks, System.Int32 bufferSize) [0x00000] in <9577ac7a62ef43179789031239ba8798>:0 
  at System.IO.StreamReader..ctor (System.String path, System.Boolean detectEncodingFromByteOrderMarks) [0x0000d] in <9577ac7a62ef43179789031239ba8798>:0 
  at System.IO.StreamReader..ctor (System.String path) [0x00000] in <9577ac7a62ef43179789031239ba8798>:0 
  at (wrapper remoting-invoke-with-check) System.IO.StreamReader..ctor(string)
  at InControl.UnityProfileListGenerator.GetFileContents (System.String fileName) [0x00001] in D:\Unity\Twitch-Platformer\Assets\InControl\Editor\UnityProfileListGenerator.cs:75 
  at InControl.UnityProfileListGenerator.PutFileContents (System.String filePath, System.String content) [0x00001] in D:\Unity\Twitch-Platformer\Assets\InControl\Editor\UnityProfileListGenerator.cs:84 
  at InControl.UnityProfileListGenerator.DiscoverProfiles () [0x00115] in D:\Unity\Twitch-Platformer\Assets\InControl\Editor\UnityProfileListGenerator.cs:66 
  at InControl.UnityProfileListGenerator..cctor () [0x0000e] in D:\Unity\Twitch-Platformer\Assets\InControl\Editor\UnityProfileListGenerator.cs:19 
UnityEngine.StackTraceUtility:ExtractStackTrace ()
UnityEngine.DebugLogHandler:LogFormat (UnityEngine.LogType,UnityEngine.Object,string,object[])
UnityEngine.Logger:Log (UnityEngine.LogType,object)
UnityEngine.Debug:LogError (object)
UnityEditor.EditorAssemblies:ProcessInitializeOnLoadAttributes (System.Type[])

Warning: Annotation not found!
UnityEngine.StackTraceUtility:ExtractStackTrace ()
UnityEditor.ProBuilder.EditorUtility:SetGizmoIconEnabled (System.Type,bool) (at Library/PackageCache/com.unity.probuilder@4.4.0/Editor/EditorCore/EditorUtility.cs:593)
UnityEditor.ProBuilder.HierarchyListener:.cctor () (at Library/PackageCache/com.unity.probuilder@4.4.0/Editor/EditorCore/HierarchyListener.cs:21)
System.Runtime.CompilerServices.RuntimeHelpers:RunClassConstructor (System.RuntimeTypeHandle)
UnityEditor.EditorAssemblies:ProcessInitializeOnLoadAttributes (System.Type[])

[Library/PackageCache/com.unity.probuilder@4.4.0/Editor/EditorCore/EditorUtility.cs line 593]

Invoked RoslynAnalysisRunner static constructor.
RoslynAnalysisRunner will not be running.
RoslynAnalysisRunner has terminated.
Mono: successfully reloaded assembly
- Completed reload, in  0.880 seconds
Platform modules already initialized, skipping
Refreshing native plugins compatible for Editor in 0.38 ms, found 2 plugins.
Preloading 0 native plugins for Editor in 0.00 ms.
Unloading 2117 Unused Serialized files (Serialized files now loaded: 0)
System memory in use before: 90.9 MB.
System memory in use after: 91.0 MB.

Unloading 18 unused Assets to reduce memory usage. Loaded Objects now: 2591.
Total: 2.140300 ms (FindLiveObjects: 0.178900 ms CreateObjectMapping: 0.074100 ms MarkObjects: 1.825300 ms  DeleteObjects: 0.060900 ms)

========================================================================
Received Prepare
Registering precompiled user dll's ...
Registered in 0.001129 seconds.
Begin MonoManager ReloadAssembly
Native extension for WindowsStandalone target not found
Refreshing native plugins compatible for Editor in 0.40 ms, found 2 plugins.
Preloading 0 native plugins for Editor in 0.00 ms.
System.ArgumentException: Empty path name is not legal.
  at System.IO.StreamReader..ctor (System.String path, System.Text.Encoding encoding, System.Boolean detectEncodingFromByteOrderMarks, System.Int32 bufferSize, System.Boolean checkHost) [0x00033] in <9577ac7a62ef43179789031239ba8798>:0 
  at System.IO.StreamReader..ctor (System.String path, System.Text.Encoding encoding, System.Boolean detectEncodingFromByteOrderMarks, System.Int32 bufferSize) [0x00000] in <9577ac7a62ef43179789031239ba8798>:0 
  at System.IO.StreamReader..ctor (System.String path, System.Boolean detectEncodingFromByteOrderMarks) [0x0000d] in <9577ac7a62ef43179789031239ba8798>:0 
  at System.IO.StreamReader..ctor (System.String path) [0x00000] in <9577ac7a62ef43179789031239ba8798>:0 
  at (wrapper remoting-invoke-with-check) System.IO.StreamReader..ctor(string)
  at InControl.NativeProfileListGenerator.GetFileContents (System.String fileName) [0x00001] in D:\Unity\Twitch-Platformer\Assets\InControl\Editor\NativeProfileListGenerator.cs:75 
  at InControl.NativeProfileListGenerator.PutFileContents (System.String filePath, System.String content) [0x00001] in D:\Unity\Twitch-Platformer\Assets\InControl\Editor\NativeProfileListGenerator.cs:85 
  at InControl.NativeProfileListGenerator.DiscoverProfiles () [0x00115] in D:\Unity\Twitch-Platformer\Assets\InControl\Editor\NativeProfileListGenerator.cs:66 
  at InControl.NativeProfileListGenerator..cctor () [0x0000e] in D:\Unity\Twitch-Platformer\Assets\InControl\Editor\NativeProfileListGenerator.cs:19 
UnityEngine.StackTraceUtility:ExtractStackTrace ()
UnityEngine.DebugLogHandler:LogFormat (UnityEngine.LogType,UnityEngine.Object,string,object[])
UnityEngine.Logger:Log (UnityEngine.LogType,object)
UnityEngine.Debug:LogError (object)
UnityEditor.EditorAssemblies:ProcessInitializeOnLoadAttributes (System.Type[])

System.ArgumentException: Empty path name is not legal.
  at System.IO.StreamReader..ctor (System.String path, System.Text.Encoding encoding, System.Boolean detectEncodingFromByteOrderMarks, System.Int32 bufferSize, System.Boolean checkHost) [0x00033] in <9577ac7a62ef43179789031239ba8798>:0 
  at System.IO.StreamReader..ctor (System.String path, System.Text.Encoding encoding, System.Boolean detectEncodingFromByteOrderMarks, System.Int32 bufferSize) [0x00000] in <9577ac7a62ef43179789031239ba8798>:0 
  at System.IO.StreamReader..ctor (System.String path, System.Boolean detectEncodingFromByteOrderMarks) [0x0000d] in <9577ac7a62ef43179789031239ba8798>:0 
  at System.IO.StreamReader..ctor (System.String path) [0x00000] in <9577ac7a62ef43179789031239ba8798>:0 
  at (wrapper remoting-invoke-with-check) System.IO.StreamReader..ctor(string)
  at InControl.UnityProfileListGenerator.GetFileContents (System.String fileName) [0x00001] in D:\Unity\Twitch-Platformer\Assets\InControl\Editor\UnityProfileListGenerator.cs:75 
  at InControl.UnityProfileListGenerator.PutFileContents (System.String filePath, System.String content) [0x00001] in D:\Unity\Twitch-Platformer\Assets\InControl\Editor\UnityProfileListGenerator.cs:84 
  at InControl.UnityProfileListGenerator.DiscoverProfiles () [0x00115] in D:\Unity\Twitch-Platformer\Assets\InControl\Editor\UnityProfileListGenerator.cs:66 
  at InControl.UnityProfileListGenerator..cctor () [0x0000e] in D:\Unity\Twitch-Platformer\Assets\InControl\Editor\UnityProfileListGenerator.cs:19 
UnityEngine.StackTraceUtility:ExtractStackTrace ()
UnityEngine.DebugLogHandler:LogFormat (UnityEngine.LogType,UnityEngine.Object,string,object[])
UnityEngine.Logger:Log (UnityEngine.LogType,object)
UnityEngine.Debug:LogError (object)
UnityEditor.EditorAssemblies:ProcessInitializeOnLoadAttributes (System.Type[])

Warning: Annotation not found!
UnityEngine.StackTraceUtility:ExtractStackTrace ()
UnityEditor.ProBuilder.EditorUtility:SetGizmoIconEnabled (System.Type,bool) (at Library/PackageCache/com.unity.probuilder@4.4.0/Editor/EditorCore/EditorUtility.cs:593)
UnityEditor.ProBuilder.HierarchyListener:.cctor () (at Library/PackageCache/com.unity.probuilder@4.4.0/Editor/EditorCore/HierarchyListener.cs:21)
System.Runtime.CompilerServices.RuntimeHelpers:RunClassConstructor (System.RuntimeTypeHandle)
UnityEditor.EditorAssemblies:ProcessInitializeOnLoadAttributes (System.Type[])

[Library/PackageCache/com.unity.probuilder@4.4.0/Editor/EditorCore/EditorUtility.cs line 593]

Invoked RoslynAnalysisRunner static constructor.
RoslynAnalysisRunner will not be running.
RoslynAnalysisRunner has terminated.
Mono: successfully reloaded assembly
- Completed reload, in  0.965 seconds
Platform modules already initialized, skipping
Refreshing native plugins compatible for Editor in 0.49 ms, found 2 plugins.
Preloading 0 native plugins for Editor in 0.00 ms.
Unloading 2117 Unused Serialized files (Serialized files now loaded: 0)
System memory in use before: 90.4 MB.
System memory in use after: 90.5 MB.

Unloading 18 unused Assets to reduce memory usage. Loaded Objects now: 2593.
Total: 2.060400 ms (FindLiveObjects: 0.202800 ms CreateObjectMapping: 0.078500 ms MarkObjects: 1.711000 ms  DeleteObjects: 0.067200 ms)

AssetImportWorkerClient::OnTransportError - code=2 error=End of file
